Daily activity on Sun Aug  3 07:51:36 UTC 2025
Daily activity on Mon Aug  4 06:39:06 UTC 2025
Daily activity on Tue Aug  5 06:34:31 UTC 2025
Daily activity on Wed Aug  6 06:34:46 UTC 2025
Daily activity on Thu Aug  7 06:34:22 UTC 2025
Daily activity on Fri Aug  8 06:34:04 UTC 2025
Daily activity on Sat Aug  9 06:29:47 UTC 2025
Daily activity on Sun Aug 10 06:29:39 UTC 2025
Daily activity on Mon Aug 11 06:33:54 UTC 2025
Daily activity on Tue Aug 12 06:31:31 UTC 2025
Daily activity on Wed Aug 13 06:31:34 UTC 2025
Daily activity on Thu Aug 14 06:31:58 UTC 2025
Daily activity on Fri Aug 15 06:31:10 UTC 2025
Daily activity on Sat Aug 16 06:28:10 UTC 2025
Daily activity on Sun Aug 17 06:29:10 UTC 2025
Daily activity on Mon Aug 18 06:33:50 UTC 2025
Daily activity on Tue Aug 19 06:30:28 UTC 2025
Daily activity on Wed Aug 20 06:30:17 UTC 2025
Daily activity on Thu Aug 21 06:38:55 UTC 2025
Daily activity on Fri Aug 22 06:29:39 UTC 2025
Daily activity on Sat Aug 23 06:26:34 UTC 2025
Daily activity on Sun Aug 24 06:27:54 UTC 2025
Daily activity on Mon Aug 25 06:31:59 UTC 2025
Daily activity on Tue Aug 26 06:30:36 UTC 2025
Daily activity on Wed Aug 27 06:28:05 UTC 2025
Daily activity on Thu Aug 28 06:29:10 UTC 2025
Daily activity on Fri Aug 29 06:28:47 UTC 2025
Daily activity on Sat Aug 30 06:25:22 UTC 2025
Daily activity on Sun Aug 31 06:26:16 UTC 2025
Daily activity on Mon Sep  1 06:31:32 UTC 2025
Daily activity on Tue Sep  2 06:29:53 UTC 2025
Daily activity on Wed Sep  3 06:27:09 UTC 2025
Daily activity on Thu Sep  4 06:27:47 UTC 2025
Daily activity on Fri Sep  5 06:28:13 UTC 2025
Daily activity on Sat Sep  6 06:24:44 UTC 2025
Daily activity on Sun Sep  7 06:25:35 UTC 2025
Daily activity on Mon Sep  8 06:29:58 UTC 2025
Daily activity on Tue Sep  9 06:29:05 UTC 2025
Daily activity on Wed Sep 10 06:28:10 UTC 2025
Daily activity on Thu Sep 11 06:28:32 UTC 2025
Daily activity on Fri Sep 12 06:28:17 UTC 2025
Daily activity on Sat Sep 13 06:24:41 UTC 2025
Daily activity on Sun Sep 14 06:25:35 UTC 2025
Daily activity on Mon Sep 15 06:30:39 UTC 2025
Daily activity on Tue Sep 16 06:28:56 UTC 2025
Daily activity on Wed Sep 17 06:29:07 UTC 2025
Daily activity on Thu Sep 18 06:28:32 UTC 2025
Daily activity on Fri Sep 19 06:28:38 UTC 2025
Daily activity on Sat Sep 20 06:26:14 UTC 2025
Daily activity on Sun Sep 21 06:27:01 UTC 2025
Daily activity on Mon Sep 22 06:30:14 UTC 2025
Daily activity on Tue Sep 23 06:29:09 UTC 2025
Daily activity on Wed Sep 24 06:28:47 UTC 2025
Daily activity on Thu Sep 25 06:29:22 UTC 2025
Daily activity on Fri Sep 26 06:28:23 UTC 2025
Daily activity on Sat Sep 27 06:24:39 UTC 2025
Daily activity on Sun Sep 28 06:26:42 UTC 2025
Daily activity on Mon Sep 29 06:31:08 UTC 2025
Daily activity on Tue Sep 30 06:29:33 UTC 2025
Daily activity on Wed Oct  1 06:29:18 UTC 2025
Daily activity on Thu Oct  2 06:28:15 UTC 2025
Daily activity on Fri Oct  3 06:27:44 UTC 2025
Daily activity on Sat Oct  4 06:25:40 UTC 2025
Daily activity on Sun Oct  5 06:25:45 UTC 2025
Daily activity on Mon Oct  6 06:29:21 UTC 2025
Daily activity on Tue Oct  7 06:28:32 UTC 2025
Daily activity on Wed Oct  8 06:29:31 UTC 2025
Daily activity on Thu Oct  9 06:29:54 UTC 2025
Daily activity on Fri Oct 10 06:29:08 UTC 2025
Daily activity on Sat Oct 11 06:25:33 UTC 2025
Daily activity on Sun Oct 12 06:25:50 UTC 2025
Daily activity on Mon Oct 13 06:30:51 UTC 2025
Daily activity on Tue Oct 14 06:28:56 UTC 2025
Daily activity on Wed Oct 15 06:29:23 UTC 2025
Daily activity on Thu Oct 16 06:29:09 UTC 2025
Daily activity on Fri Oct 17 06:28:29 UTC 2025
Daily activity on Sat Oct 18 06:26:33 UTC 2025
Daily activity on Sun Oct 19 06:27:13 UTC 2025
Daily activity on Mon Oct 20 06:30:28 UTC 2025
Daily activity on Tue Oct 21 06:29:33 UTC 2025
Daily activity on Wed Oct 22 06:30:30 UTC 2025
Daily activity on Thu Oct 23 06:29:36 UTC 2025
Daily activity on Fri Oct 24 06:28:21 UTC 2025
Daily activity on Sat Oct 25 06:26:11 UTC 2025
Daily activity on Sun Oct 26 06:27:28 UTC 2025
Daily activity on Mon Oct 27 06:32:55 UTC 2025
Daily activity on Tue Oct 28 06:30:49 UTC 2025
Daily activity on Wed Oct 29 06:31:16 UTC 2025
Daily activity on Thu Oct 30 06:29:35 UTC 2025
Daily activity on Fri Oct 31 06:30:01 UTC 2025
Daily activity on Sat Nov  1 06:26:46 UTC 2025
Daily activity on Sun Nov  2 06:28:16 UTC 2025
Daily activity on Mon Nov  3 06:31:41 UTC 2025
Daily activity on Tue Nov  4 06:30:41 UTC 2025
Daily activity on Wed Nov  5 06:30:14 UTC 2025
Daily activity on Thu Nov  6 06:30:27 UTC 2025
Daily activity on Fri Nov  7 06:30:11 UTC 2025
Daily activity on Sat Nov  8 06:27:15 UTC 2025
Daily activity on Sun Nov  9 06:27:28 UTC 2025
Daily activity on Mon Nov 10 06:32:58 UTC 2025
Daily activity on Tue Nov 11 06:30:44 UTC 2025
Daily activity on Wed Nov 12 06:31:12 UTC 2025
Daily activity on Thu Nov 13 06:31:33 UTC 2025
Daily activity on Fri Nov 14 06:31:14 UTC 2025
Daily activity on Sat Nov 15 06:27:46 UTC 2025
Daily activity on Sun Nov 16 06:28:48 UTC 2025
Daily activity on Mon Nov 17 06:31:41 UTC 2025
Daily activity on Tue Nov 18 06:30:31 UTC 2025
Daily activity on Wed Nov 19 06:30:36 UTC 2025
Daily activity on Thu Nov 20 06:29:55 UTC 2025
Daily activity on Fri Nov 21 06:31:44 UTC 2025
Daily activity on Sat Nov 22 06:27:39 UTC 2025
Daily activity on Sun Nov 23 06:29:03 UTC 2025
Daily activity on Mon Nov 24 06:32:04 UTC 2025
Daily activity on Tue Nov 25 06:32:39 UTC 2025
Daily activity on Wed Nov 26 06:31:57 UTC 2025
Daily activity on Thu Nov 27 06:32:43 UTC 2025
Daily activity on Fri Nov 28 06:32:04 UTC 2025
Daily activity on Sat Nov 29 06:29:12 UTC 2025
Daily activity on Sun Nov 30 06:30:29 UTC 2025
Daily activity on Mon Dec  1 06:34:31 UTC 2025
Daily activity on Tue Dec  2 06:33:40 UTC 2025
Daily activity on Wed Dec  3 06:32:58 UTC 2025
Daily activity on Thu Dec  4 06:32:49 UTC 2025
Daily activity on Fri Dec  5 06:33:08 UTC 2025
Daily activity on Sat Dec  6 06:28:53 UTC 2025
Daily activity on Sun Dec  7 06:28:57 UTC 2025
Daily activity on Mon Dec  8 06:35:35 UTC 2025
Daily activity on Tue Dec  9 06:33:37 UTC 2025
Daily activity on Wed Dec 10 06:33:53 UTC 2025
Daily activity on Thu Dec 11 06:34:37 UTC 2025
Daily activity on Fri Dec 12 06:33:48 UTC 2025
Daily activity on Sat Dec 13 06:30:59 UTC 2025
Daily activity on Sun Dec 14 06:30:52 UTC 2025
Daily activity on Mon Dec 15 06:36:28 UTC 2025
Daily activity on Tue Dec 16 06:34:43 UTC 2025
Daily activity on Wed Dec 17 06:34:30 UTC 2025
Daily activity on Thu Dec 18 06:34:26 UTC 2025
Daily activity on Fri Dec 19 06:32:44 UTC 2025
Daily activity on Sat Dec 20 06:31:15 UTC 2025
Daily activity on Sun Dec 21 06:31:11 UTC 2025
Daily activity on Mon Dec 22 06:36:03 UTC 2025
Daily activity on Tue Dec 23 06:35:03 UTC 2025
Daily activity on Wed Dec 24 06:34:41 UTC 2025
Daily activity on Thu Dec 25 06:34:15 UTC 2025
Daily activity on Fri Dec 26 06:33:35 UTC 2025
Daily activity on Sat Dec 27 06:31:47 UTC 2025
Daily activity on Sun Dec 28 06:32:34 UTC 2025
Daily activity on Mon Dec 29 06:36:26 UTC 2025
Daily activity on Tue Dec 30 06:34:25 UTC 2025
Daily activity on Wed Dec 31 06:34:45 UTC 2025
Daily activity on Thu Jan  1 06:34:36 UTC 2026
Daily activity on Fri Jan  2 06:34:50 UTC 2026
Daily activity on Sat Jan  3 06:31:54 UTC 2026
Daily activity on Sun Jan  4 06:32:54 UTC 2026
Daily activity on Mon Jan  5 06:39:38 UTC 2026
Daily activity on Tue Jan  6 06:35:47 UTC 2026
Daily activity on Wed Jan  7 06:35:14 UTC 2026
Daily activity on Thu Jan  8 06:35:41 UTC 2026
Daily activity on Fri Jan  9 06:35:25 UTC 2026
Daily activity on Sat Jan 10 06:31:35 UTC 2026
Daily activity on Sun Jan 11 06:33:04 UTC 2026
Daily activity on Mon Jan 12 06:38:14 UTC 2026
Daily activity on Tue Jan 13 06:35:33 UTC 2026
Daily activity on Wed Jan 14 06:35:12 UTC 2026
Daily activity on Thu Jan 15 06:35:08 UTC 2026
Daily activity on Fri Jan 16 06:35:32 UTC 2026
Daily activity on Sat Jan 17 06:31:33 UTC 2026
Daily activity on Sun Jan 18 06:32:24 UTC 2026
Daily activity on Mon Jan 19 06:39:42 UTC 2026
Daily activity on Tue Jan 20 06:37:19 UTC 2026
Daily activity on Wed Jan 21 06:37:22 UTC 2026
Daily activity on Thu Jan 22 06:36:34 UTC 2026
Daily activity on Fri Jan 23 06:36:25 UTC 2026
Daily activity on Sat Jan 24 06:32:59 UTC 2026
Daily activity on Sun Jan 25 06:33:39 UTC 2026
Daily activity on Mon Jan 26 06:38:27 UTC 2026
Daily activity on Tue Jan 27 06:36:38 UTC 2026
Daily activity on Wed Jan 28 06:37:19 UTC 2026
Daily activity on Thu Jan 29 06:49:53 UTC 2026
Daily activity on Fri Jan 30 06:50:53 UTC 2026
Daily activity on Sat Jan 31 06:39:59 UTC 2026
Daily activity on Sun Feb  1 06:50:38 UTC 2026
Daily activity on Mon Feb  2 07:02:48 UTC 2026
Daily activity on Tue Feb  3 06:52:58 UTC 2026
Daily activity on Wed Feb  4 06:53:59 UTC 2026
Daily activity on Thu Feb  5 06:59:41 UTC 2026
Daily activity on Fri Feb  6 06:55:59 UTC 2026
Daily activity on Sat Feb  7 06:42:41 UTC 2026
Daily activity on Sun Feb  8 06:51:18 UTC 2026
Daily activity on Mon Feb  9 07:04:58 UTC 2026
Daily activity on Tue Feb 10 07:04:55 UTC 2026
Daily activity on Wed Feb 11 07:01:41 UTC 2026
Daily activity on Thu Feb 12 07:01:46 UTC 2026
Daily activity on Fri Feb 13 07:00:13 UTC 2026
Daily activity on Sat Feb 14 06:46:12 UTC 2026
Daily activity on Sun Feb 15 06:53:09 UTC 2026
Daily activity on Mon Feb 16 07:03:59 UTC 2026
Daily activity on Tue Feb 17 06:59:46 UTC 2026
Daily activity on Wed Feb 18 07:02:14 UTC 2026
Daily activity on Thu Feb 19 07:00:55 UTC 2026
Daily activity on Fri Feb 20 06:57:28 UTC 2026
Daily activity on Sat Feb 21 06:42:31 UTC 2026
Daily activity on Sun Feb 22 06:49:41 UTC 2026
Daily activity on Mon Feb 23 07:05:09 UTC 2026
Daily activity on Tue Feb 24 07:01:03 UTC 2026
Daily activity on Wed Feb 25 07:02:35 UTC 2026
Daily activity on Thu Feb 26 07:00:53 UTC 2026
Daily activity on Fri Feb 27 06:55:26 UTC 2026
Daily activity on Sat Feb 28 06:39:26 UTC 2026
Daily activity on Sun Mar  1 06:48:40 UTC 2026
Daily activity on Mon Mar  2 06:58:58 UTC 2026
Daily activity on Tue Mar  3 06:53:22 UTC 2026
Daily activity on Wed Mar  4 06:50:02 UTC 2026
Daily activity on Thu Mar  5 06:53:48 UTC 2026
Daily activity on Fri Mar  6 06:51:25 UTC 2026
Daily activity on Sat Mar  7 06:41:34 UTC 2026
Daily activity on Sun Mar  8 06:43:14 UTC 2026
Daily activity on Mon Mar  9 07:02:43 UTC 2026
Daily activity on Tue Mar 10 06:51:53 UTC 2026
Daily activity on Wed Mar 11 06:54:58 UTC 2026
Daily activity on Thu Mar 12 06:56:40 UTC 2026
Daily activity on Fri Mar 13 06:55:01 UTC 2026
Daily activity on Sat Mar 14 06:49:24 UTC 2026
Daily activity on Sun Mar 15 06:57:55 UTC 2026
Daily activity on Mon Mar 16 07:18:20 UTC 2026
Daily activity on Tue Mar 17 07:04:51 UTC 2026
Daily activity on Wed Mar 18 07:02:16 UTC 2026
Daily activity on Thu Mar 19 06:59:03 UTC 2026
Daily activity on Fri Mar 20 06:56:39 UTC 2026
Daily activity on Sat Mar 21 06:45:01 UTC 2026
Daily activity on Sun Mar 22 06:53:24 UTC 2026
Daily activity on Mon Mar 23 07:11:38 UTC 2026
Daily activity on Tue Mar 24 07:04:53 UTC 2026
Daily activity on Wed Mar 25 07:02:50 UTC 2026
Daily activity on Thu Mar 26 07:09:47 UTC 2026
Daily activity on Fri Mar 27 07:08:35 UTC 2026
Daily activity on Sat Mar 28 06:59:36 UTC 2026
Daily activity on Sun Mar 29 07:04:41 UTC 2026
Daily activity on Mon Mar 30 07:42:54 UTC 2026
Daily activity on Tue Mar 31 07:16:06 UTC 2026
Daily activity on Wed Apr  1 07:21:39 UTC 2026
Daily activity on Thu Apr  2 07:13:38 UTC 2026
Daily activity on Fri Apr  3 07:10:39 UTC 2026
Daily activity on Sat Apr  4 07:01:53 UTC 2026
Daily activity on Sun Apr  5 07:08:09 UTC 2026
Daily activity on Mon Apr  6 07:44:14 UTC 2026
Daily activity on Tue Apr  7 07:18:18 UTC 2026
Daily activity on Wed Apr  8 07:21:12 UTC 2026
Daily activity on Thu Apr  9 07:23:38 UTC 2026
Daily activity on Fri Apr 10 07:42:45 UTC 2026
Daily activity on Sat Apr 11 07:01:35 UTC 2026
Daily activity on Sun Apr 12 07:15:00 UTC 2026
Daily activity on Mon Apr 13 08:04:31 UTC 2026
Daily activity on Tue Apr 14 07:47:07 UTC 2026
Daily activity on Wed Apr 15 07:47:16 UTC 2026
Daily activity on Thu Apr 16 07:47:38 UTC 2026
Daily activity on Fri Apr 17 07:47:47 UTC 2026
Daily activity on Sat Apr 18 07:09:05 UTC 2026
Daily activity on Sun Apr 19 07:20:26 UTC 2026
Daily activity on Mon Apr 20 08:08:33 UTC 2026
Daily activity on Tue Apr 21 07:51:37 UTC 2026
Daily activity on Wed Apr 22 07:48:18 UTC 2026
Daily activity on Thu Apr 23 07:54:33 UTC 2026
Daily activity on Fri Apr 24 08:04:31 UTC 2026
Daily activity on Sat Apr 25 07:18:00 UTC 2026
Daily activity on Sun Apr 26 07:40:55 UTC 2026
Daily activity on Mon Apr 27 08:26:44 UTC 2026
Daily activity on Tue Apr 28 08:25:09 UTC 2026
